1705757495294:help
1705757512753:dir
1705757519974:help
1705757535247:exit
1705758262794:help
1705758408855:minimum-free-disk-space
1705758452831:tolowercase   Michael Rezza Vega
1705758473463:tolowercase  MichAel
1705758606465:tolowercase 'Michael Rezza Vega'
1705758668529:help
1705758683475:minimum-free-disk-space
1705759163853:help
1705759245487:free-disk-space
1705846112818:help
1705846121979:free-disk-space
1705846133533:minimum-free-disk-space
1705918743444:help
1705918761055:minimum-free-disk-space
1705918784645:help
1705918792869:free-disk-space
1705932028560:help
1705932307057:show photo unicorn001
1705932334399:show-photo unicorn001
1705932376342:show-photo unicorn001.jpg
1705932468666:help
1705932551423:show-photo unicorn001.jpg
1705932618231:show-photo unicorn001
1706035278322:help
1706035736223:show-photo unicorn001
1706186344079:help
1706186367995:minimum-free-disk-space
